This file contains any messages produced by compilers while
running configure, to aid debugging if configure makes a mistake.

It was created by camorama configure 0.19, which was
generated by GNU Autoconf 2.61.  Invocation command line was

  $ ./configure LIBS=-lm

## --------- ##
## Platform. ##
## --------- ##

hostname = BigZoo
uname -m = x86_64
uname -r = 4.4.0-70-generic
uname -s = Linux
uname -v = #91-Ubuntu SMP Wed Mar 22 12:47:43 UTC 2017

/usr/bin/uname -p = unknown
/bin/uname -X     = unknown

/bin/arch              = unknown
/usr/bin/arch -k       = unknown
/usr/convex/getsysinfo = unknown
/usr/bin/hostinfo      = unknown
/bin/machine           = unknown
/usr/bin/oslevel       = unknown
/bin/universe          = unknown

PATH: /home/ensab/bin
PATH: /usr/local/sbin
PATH: /usr/local/bin
PATH: /usr/sbin
PATH: /usr/bin
PATH: /sbin
PATH: /bin
PATH: /usr/games
PATH: /usr/local/games
PATH: /snap/bin
PATH: /home/ensab/rrl-cloud/bin
PATH: /home/ensab/bin


## ----------- ##
## Core tests. ##
## ----------- ##

configure:1857: checking for a BSD-compatible install
configure:1913: result: /usr/bin/install -c
configure:1924: checking whether build environment is sane
configure:1967: result: yes
configure:1995: checking for a thread-safe mkdir -p
configure:2034: result: /bin/mkdir -p
configure:2047: checking for gawk
configure:2063: found /usr/bin/gawk
configure:2074: result: gawk
configure:2085: checking whether make sets $(MAKE)
configure:2106: result: yes
configure:2308: checking for style of include used by make
configure:2336: result: GNU
configure:2406: checking for gcc
configure:2422: found /usr/bin/gcc
configure:2433: result: gcc
configure:2671: checking for C compiler version
configure:2678: gcc --version >&5
gcc (Ubuntu 5.4.0-6ubuntu1~16.04.4) 5.4.0 20160609
Copyright (C) 2015 Free Software Foundation, Inc.
This is free software; see the source for copying conditions.  There is NO
warranty; not even for MERCHANTABILITY or FITNESS FOR A PARTICULAR PURPOSE.

configure:2681: $? = 0
configure:2688: gcc -v >&5
Using built-in specs.
COLLECT_GCC=gcc
COLLECT_LTO_WRAPPER=/usr/lib/gcc/x86_64-linux-gnu/5/lto-wrapper
Target: x86_64-linux-gnu
Configured with: ../src/configure -v --with-pkgversion='Ubuntu 5.4.0-6ubuntu1~16.04.4' --with-bugurl=file:///usr/share/doc/gcc-5/README.Bugs --enable-languages=c,ada,c++,java,go,d,fortran,objc,obj-c++ --prefix=/usr --program-suffix=-5 --enable-shared --enable-linker-build-id --libexecdir=/usr/lib --without-included-gettext --enable-threads=posix --libdir=/usr/lib --enable-nls --with-sysroot=/ --enable-clocale=gnu --enable-libstdcxx-debug --enable-libstdcxx-time=yes --with-default-libstdcxx-abi=new --enable-gnu-unique-object --disable-vtable-verify --enable-libmpx --enable-plugin --with-system-zlib --disable-browser-plugin --enable-java-awt=gtk --enable-gtk-cairo --with-java-home=/usr/lib/jvm/java-1.5.0-gcj-5-amd64/jre --enable-java-home --with-jvm-root-dir=/usr/lib/jvm/java-1.5.0-gcj-5-amd64 --with-jvm-jar-dir=/usr/lib/jvm-exports/java-1.5.0-gcj-5-amd64 --with-arch-directory=amd64 --with-ecj-jar=/usr/share/java/eclipse-ecj.jar --enable-objc-gc --enable-multiarch --disable-werror --with-arch-32=i686 --with-abi=m64 --with-multilib-list=m32,m64,mx32 --enable-multilib --with-tune=generic --enable-checking=release --build=x86_64-linux-gnu --host=x86_64-linux-gnu --target=x86_64-linux-gnu
Thread model: posix
gcc version 5.4.0 20160609 (Ubuntu 5.4.0-6ubuntu1~16.04.4) 
configure:2691: $? = 0
configure:2698: gcc -V >&5
gcc: error: unrecognized command line option '-V'
gcc: fatal error: no input files
compilation terminated.
configure:2701: $? = 1
configure:2724: checking for C compiler default output file name
configure:2751: gcc    conftest.c -lm >&5
configure:2754: $? = 0
configure:2792: result: a.out
configure:2809: checking whether the C compiler works
configure:2819: ./a.out
configure:2822: $? = 0
configure:2839: result: yes
configure:2846: checking whether we are cross compiling
configure:2848: result: no
configure:2851: checking for suffix of executables
configure:2858: gcc -o conftest    conftest.c -lm >&5
configure:2861: $? = 0
configure:2885: result: 
configure:2891: checking for suffix of object files
configure:2917: gcc -c   conftest.c >&5
configure:2920: $? = 0
configure:2943: result: o
configure:2947: checking whether we are using the GNU C compiler
configure:2976: gcc -c   conftest.c >&5
configure:2982: $? = 0
configure:2999: result: yes
configure:3004: checking whether gcc accepts -g
configure:3034: gcc -c -g  conftest.c >&5
configure:3040: $? = 0
configure:3139: result: yes
configure:3156: checking for gcc option to accept ISO C89
configure:3230: gcc  -c -g -O2  conftest.c >&5
configure:3236: $? = 0
configure:3259: result: none needed
configure:3279: checking dependency style of gcc
configure:3370: result: gcc3
configure:3398: checking for intltool >= 0.21
configure:3405: result: 0.35.5 found
configure:3461: checking for perl
configure:3479: found /usr/bin/perl
configure:3491: result: /usr/bin/perl
configure:3510: checking for XML::Parser
configure:3513: result: ok
configure:3524: checking for iconv
configure:3542: found /usr/bin/iconv
configure:3555: result: /usr/bin/iconv
configure:3565: checking for msgfmt
configure:3583: found /usr/bin/msgfmt
configure:3596: result: /usr/bin/msgfmt
configure:3606: checking for msgmerge
configure:3624: found /usr/bin/msgmerge
configure:3637: result: /usr/bin/msgmerge
configure:3647: checking for xgettext
configure:3665: found /usr/bin/xgettext
configure:3678: result: /usr/bin/xgettext
configure:3715: gcc -o conftest -g -O2   conftest.c -lm >&5
configure:3721: $? = 0
configure:3860: checking how to run the C preprocessor
configure:3900: gcc -E  conftest.c
conftest.c:9:0: warning: "PACKAGE" redefined
 #define PACKAGE camorama
 ^
conftest.c:7:0: note: this is the location of the previous definition
 #define PACKAGE "camorama"
 ^
conftest.c:10:0: warning: "VERSION" redefined
 #define VERSION 0.19
 ^
conftest.c:8:0: note: this is the location of the previous definition
 #define VERSION "0.19"
 ^
configure:3906: $? = 0
configure:3937: gcc -E  conftest.c
conftest.c:9:0: warning: "PACKAGE" redefined
 #define PACKAGE camorama
 ^
conftest.c:7:0: note: this is the location of the previous definition
 #define PACKAGE "camorama"
 ^
conftest.c:10:0: warning: "VERSION" redefined
 #define VERSION 0.19
 ^
conftest.c:8:0: note: this is the location of the previous definition
 #define VERSION "0.19"
 ^
conftest.c:12:28: fatal error: ac_nonexistent.h: No such file or directory
compilation terminated.
configure:3943: $? = 1
configure: failed program was:
| /* confdefs.h.  */
| #define PACKAGE_NAME "camorama"
| #define PACKAGE_TARNAME "camorama"
| #define PACKAGE_VERSION "0.19"
| #define PACKAGE_STRING "camorama 0.19"
| #define PACKAGE_BUGREPORT "http://bugzilla.gnome.org/enter_bug.cgi?product=camorama"
| #define PACKAGE "camorama"
| #define VERSION "0.19"
| #define PACKAGE camorama
| #define VERSION 0.19
| /* end confdefs.h.  */
| #include <ac_nonexistent.h>
configure:3976: result: gcc -E
configure:4005: gcc -E  conftest.c
conftest.c:9:0: warning: "PACKAGE" redefined
 #define PACKAGE camorama
 ^
conftest.c:7:0: note: this is the location of the previous definition
 #define PACKAGE "camorama"
 ^
conftest.c:10:0: warning: "VERSION" redefined
 #define VERSION 0.19
 ^
conftest.c:8:0: note: this is the location of the previous definition
 #define VERSION "0.19"
 ^
configure:4011: $? = 0
configure:4042: gcc -E  conftest.c
conftest.c:9:0: warning: "PACKAGE" redefined
 #define PACKAGE camorama
 ^
conftest.c:7:0: note: this is the location of the previous definition
 #define PACKAGE "camorama"
 ^
conftest.c:10:0: warning: "VERSION" redefined
 #define VERSION 0.19
 ^
conftest.c:8:0: note: this is the location of the previous definition
 #define VERSION "0.19"
 ^
conftest.c:12:28: fatal error: ac_nonexistent.h: No such file or directory
compilation terminated.
configure:4048: $? = 1
configure: failed program was:
| /* confdefs.h.  */
| #define PACKAGE_NAME "camorama"
| #define PACKAGE_TARNAME "camorama"
| #define PACKAGE_VERSION "0.19"
| #define PACKAGE_STRING "camorama 0.19"
| #define PACKAGE_BUGREPORT "http://bugzilla.gnome.org/enter_bug.cgi?product=camorama"
| #define PACKAGE "camorama"
| #define VERSION "0.19"
| #define PACKAGE camorama
| #define VERSION 0.19
| /* end confdefs.h.  */
| #include <ac_nonexistent.h>
configure:4086: checking for grep that handles long lines and -e
configure:4160: result: /bin/grep
configure:4165: checking for egrep
configure:4243: result: /bin/grep -E
configure:4248: checking for ANSI C header files
configure:4278: gcc -c -g -O2  conftest.c >&5
conftest.c:9:0: warning: "PACKAGE" redefined
 #define PACKAGE camorama
 ^
conftest.c:7:0: note: this is the location of the previous definition
 #define PACKAGE "camorama"
 ^
conftest.c:10:0: warning: "VERSION" redefined
 #define VERSION 0.19
 ^
conftest.c:8:0: note: this is the location of the previous definition
 #define VERSION "0.19"
 ^
configure:4284: $? = 0
conftest.c:9:0: warning: "PACKAGE" redefined
 #define PACKAGE camorama
 ^
conftest.c:7:0: note: this is the location of the previous definition
 #define PACKAGE "camorama"
 ^
conftest.c:10:0: warning: "VERSION" redefined
 #define VERSION 0.19
 ^
conftest.c:8:0: note: this is the location of the previous definition
 #define VERSION "0.19"
 ^
conftest.c:9:0: warning: "PACKAGE" redefined
 #define PACKAGE camorama
 ^
conftest.c:7:0: note: this is the location of the previous definition
 #define PACKAGE "camorama"
 ^
conftest.c:10:0: warning: "VERSION" redefined
 #define VERSION 0.19
 ^
conftest.c:8:0: note: this is the location of the previous definition
 #define VERSION "0.19"
 ^
configure:4383: gcc -o conftest -g -O2   conftest.c -lm >&5
conftest.c:9:0: warning: "PACKAGE" redefined
 #define PACKAGE camorama
 ^
conftest.c:7:0: note: this is the location of the previous definition
 #define PACKAGE "camorama"
 ^
conftest.c:10:0: warning: "VERSION" redefined
 #define VERSION 0.19
 ^
conftest.c:8:0: note: this is the location of the previous definition
 #define VERSION "0.19"
 ^
configure:4386: $? = 0
configure:4392: ./conftest
configure:4395: $? = 0
configure:4412: result: yes
configure:4436: checking for sys/types.h
configure:4457: gcc -c -g -O2  conftest.c >&5
conftest.c:9:0: warning: "PACKAGE" redefined
 #define PACKAGE camorama
 ^
conftest.c:7:0: note: this is the location of the previous definition
 #define PACKAGE "camorama"
 ^
conftest.c:10:0: warning: "VERSION" redefined
 #define VERSION 0.19
 ^
conftest.c:8:0: note: this is the location of the previous definition
 #define VERSION "0.19"
 ^
configure:4463: $? = 0
configure:4479: result: yes
configure:4436: checking for sys/stat.h
configure:4457: gcc -c -g -O2  conftest.c >&5
conftest.c:9:0: warning: "PACKAGE" redefined
 #define PACKAGE camorama
 ^
conftest.c:7:0: note: this is the location of the previous definition
 #define PACKAGE "camorama"
 ^
conftest.c:10:0: warning: "VERSION" redefined
 #define VERSION 0.19
 ^
conftest.c:8:0: note: this is the location of the previous definition
 #define VERSION "0.19"
 ^
configure:4463: $? = 0
configure:4479: result: yes
configure:4436: checking for stdlib.h
configure:4457: gcc -c -g -O2  conftest.c >&5
conftest.c:9:0: warning: "PACKAGE" redefined
 #define PACKAGE camorama
 ^
conftest.c:7:0: note: this is the location of the previous definition
 #define PACKAGE "camorama"
 ^
conftest.c:10:0: warning: "VERSION" redefined
 #define VERSION 0.19
 ^
conftest.c:8:0: note: this is the location of the previous definition
 #define VERSION "0.19"
 ^
configure:4463: $? = 0
configure:4479: result: yes
configure:4436: checking for string.h
configure:4457: gcc -c -g -O2  conftest.c >&5
conftest.c:9:0: warning: "PACKAGE" redefined
 #define PACKAGE camorama
 ^
conftest.c:7:0: note: this is the location of the previous definition
 #define PACKAGE "camorama"
 ^
conftest.c:10:0: warning: "VERSION" redefined
 #define VERSION 0.19
 ^
conftest.c:8:0: note: this is the location of the previous definition
 #define VERSION "0.19"
 ^
configure:4463: $? = 0
configure:4479: result: yes
configure:4436: checking for memory.h
configure:4457: gcc -c -g -O2  conftest.c >&5
conftest.c:9:0: warning: "PACKAGE" redefined
 #define PACKAGE camorama
 ^
conftest.c:7:0: note: this is the location of the previous definition
 #define PACKAGE "camorama"
 ^
conftest.c:10:0: warning: "VERSION" redefined
 #define VERSION 0.19
 ^
conftest.c:8:0: note: this is the location of the previous definition
 #define VERSION "0.19"
 ^
configure:4463: $? = 0
configure:4479: result: yes
configure:4436: checking for strings.h
configure:4457: gcc -c -g -O2  conftest.c >&5
conftest.c:9:0: warning: "PACKAGE" redefined
 #define PACKAGE camorama
 ^
conftest.c:7:0: note: this is the location of the previous definition
 #define PACKAGE "camorama"
 ^
conftest.c:10:0: warning: "VERSION" redefined
 #define VERSION 0.19
 ^
conftest.c:8:0: note: this is the location of the previous definition
 #define VERSION "0.19"
 ^
configure:4463: $? = 0
configure:4479: result: yes
configure:4436: checking for inttypes.h
configure:4457: gcc -c -g -O2  conftest.c >&5
conftest.c:9:0: warning: "PACKAGE" redefined
 #define PACKAGE camorama
 ^
conftest.c:7:0: note: this is the location of the previous definition
 #define PACKAGE "camorama"
 ^
conftest.c:10:0: warning: "VERSION" redefined
 #define VERSION 0.19
 ^
conftest.c:8:0: note: this is the location of the previous definition
 #define VERSION "0.19"
 ^
configure:4463: $? = 0
configure:4479: result: yes
configure:4436: checking for stdint.h
configure:4457: gcc -c -g -O2  conftest.c >&5
conftest.c:9:0: warning: "PACKAGE" redefined
 #define PACKAGE camorama
 ^
conftest.c:7:0: note: this is the location of the previous definition
 #define PACKAGE "camorama"
 ^
conftest.c:10:0: warning: "VERSION" redefined
 #define VERSION 0.19
 ^
conftest.c:8:0: note: this is the location of the previous definition
 #define VERSION "0.19"
 ^
configure:4463: $? = 0
configure:4479: result: yes
configure:4436: checking for unistd.h
configure:4457: gcc -c -g -O2  conftest.c >&5
conftest.c:9:0: warning: "PACKAGE" redefined
 #define PACKAGE camorama
 ^
conftest.c:7:0: note: this is the location of the previous definition
 #define PACKAGE "camorama"
 ^
conftest.c:10:0: warning: "VERSION" redefined
 #define VERSION 0.19
 ^
conftest.c:8:0: note: this is the location of the previous definition
 #define VERSION "0.19"
 ^
configure:4463: $? = 0
configure:4479: result: yes
configure:4497: checking build system type
configure:4515: result: x86_64-unknown-linux-gnu
configure:4537: checking host system type
configure:4552: result: x86_64-unknown-linux-gnu
configure:4590: checking locale.h usability
configure:4607: gcc -c -g -O2  conftest.c >&5
conftest.c:9:0: warning: "PACKAGE" redefined
 #define PACKAGE camorama
 ^
conftest.c:7:0: note: this is the location of the previous definition
 #define PACKAGE "camorama"
 ^
conftest.c:10:0: warning: "VERSION" redefined
 #define VERSION 0.19
 ^
conftest.c:8:0: note: this is the location of the previous definition
 #define VERSION "0.19"
 ^
configure:4613: $? = 0
configure:4627: result: yes
configure:4631: checking locale.h presence
configure:4646: gcc -E  conftest.c
conftest.c:9:0: warning: "PACKAGE" redefined
 #define PACKAGE camorama
 ^
conftest.c:7:0: note: this is the location of the previous definition
 #define PACKAGE "camorama"
 ^
conftest.c:10:0: warning: "VERSION" redefined
 #define VERSION 0.19
 ^
conftest.c:8:0: note: this is the location of the previous definition
 #define VERSION "0.19"
 ^
configure:4652: $? = 0
configure:4666: result: yes
configure:4699: checking for locale.h
configure:4707: result: yes
configure:4721: checking for LC_MESSAGES
configure:4747: gcc -o conftest -g -O2   conftest.c -lm >&5
conftest.c:9:0: warning: "PACKAGE" redefined
 #define PACKAGE camorama
 ^
conftest.c:7:0: note: this is the location of the previous definition
 #define PACKAGE "camorama"
 ^
conftest.c:10:0: warning: "VERSION" redefined
 #define VERSION 0.19
 ^
conftest.c:8:0: note: this is the location of the previous definition
 #define VERSION "0.19"
 ^
configure:4753: $? = 0
configure:4770: result: yes
configure:4799: checking libintl.h usability
configure:4816: gcc -c -g -O2  conftest.c >&5
conftest.c:9:0: warning: "PACKAGE" redefined
 #define PACKAGE camorama
 ^
conftest.c:7:0: note: this is the location of the previous definition
 #define PACKAGE "camorama"
 ^
conftest.c:10:0: warning: "VERSION" redefined
 #define VERSION 0.19
 ^
conftest.c:8:0: note: this is the location of the previous definition
 #define VERSION "0.19"
 ^
configure:4822: $? = 0
configure:4836: result: yes
configure:4840: checking libintl.h presence
configure:4855: gcc -E  conftest.c
conftest.c:9:0: warning: "PACKAGE" redefined
 #define PACKAGE camorama
 ^
conftest.c:7:0: note: this is the location of the previous definition
 #define PACKAGE "camorama"
 ^
conftest.c:10:0: warning: "VERSION" redefined
 #define VERSION 0.19
 ^
conftest.c:8:0: note: this is the location of the previous definition
 #define VERSION "0.19"
 ^
configure:4861: $? = 0
configure:4875: result: yes
configure:4908: checking for libintl.h
configure:4915: result: yes
configure:4926: checking for ngettext in libc
configure:4954: gcc -o conftest -g -O2   conftest.c -lm >&5
conftest.c:9:0: warning: "PACKAGE" redefined
 #define PACKAGE camorama
 ^
conftest.c:7:0: note: this is the location of the previous definition
 #define PACKAGE "camorama"
 ^
conftest.c:10:0: warning: "VERSION" redefined
 #define VERSION 0.19
 ^
conftest.c:8:0: note: this is the location of the previous definition
 #define VERSION "0.19"
 ^
configure:4960: $? = 0
configure:4978: result: yes
configure:4982: checking for dgettext in libc
configure:5010: gcc -o conftest -g -O2   conftest.c -lm >&5
conftest.c:9:0: warning: "PACKAGE" redefined
 #define PACKAGE camorama
 ^
conftest.c:7:0: note: this is the location of the previous definition
 #define PACKAGE "camorama"
 ^
conftest.c:10:0: warning: "VERSION" redefined
 #define VERSION 0.19
 ^
conftest.c:8:0: note: this is the location of the previous definition
 #define VERSION "0.19"
 ^
configure:5016: $? = 0
configure:5034: result: yes
configure:5043: checking for bind_textdomain_codeset
configure:5099: gcc -o conftest -g -O2   conftest.c -lm >&5
conftest.c:9:0: warning: "PACKAGE" redefined
 #define PACKAGE camorama
 ^
conftest.c:7:0: note: this is the location of the previous definition
 #define PACKAGE "camorama"
 ^
conftest.c:10:0: warning: "VERSION" redefined
 #define VERSION 0.19
 ^
conftest.c:8:0: note: this is the location of the previous definition
 #define VERSION "0.19"
 ^
configure:5105: $? = 0
configure:5123: result: yes
configure:5610: checking for msgfmt
configure:5637: result: /usr/bin/msgfmt
configure:5650: checking for dcgettext
configure:5706: gcc -o conftest -g -O2   conftest.c -lm  >&5
conftest.c:9:0: warning: "PACKAGE" redefined
 #define PACKAGE camorama
 ^
conftest.c:7:0: note: this is the location of the previous definition
 #define PACKAGE "camorama"
 ^
conftest.c:10:0: warning: "VERSION" redefined
 #define VERSION 0.19
 ^
conftest.c:8:0: note: this is the location of the previous definition
 #define VERSION "0.19"
 ^
conftest.c:49:6: warning: conflicting types for built-in function 'dcgettext'
 char dcgettext ();
      ^
configure:5712: $? = 0
configure:5730: result: yes
configure:5741: checking if msgfmt accepts -c
configure:5756: msgfmt -c -o /dev/null conftest.foo
conftest.foo:3: warning: header field 'Language' missing in header
configure:5759: $? = 0
configure:5761: result: yes
configure:5771: checking for gmsgfmt
configure:5802: result: /usr/bin/msgfmt
configure:5812: checking for xgettext
configure:5839: result: /usr/bin/xgettext
configure:5868: gcc -o conftest -g -O2   conftest.c -lm  >&5
conftest.c:9:0: warning: "PACKAGE" redefined
 #define PACKAGE camorama
 ^
conftest.c:7:0: note: this is the location of the previous definition
 #define PACKAGE "camorama"
 ^
conftest.c:10:0: warning: "VERSION" redefined
 #define VERSION 0.19
 ^
conftest.c:8:0: note: this is the location of the previous definition
 #define VERSION "0.19"
 ^
configure:5874: $? = 0
configure:6043: checking for catalogs to be installed
configure:6068: result:  am ar az be bg bs ca cs da de dz en_CA en_GB es eu fa fi fr ga gl gu hi hr it ja lv mk ml ms nb ne nl pa pl pt pt_BR rw sl sq sr sr@Latn sv ta tr uk vi zh_CN zh_TW
configure:6107: checking prefix
configure:6115: result: /usr/local
configure:6129: checking for library containing strerror
configure:6170: gcc -o conftest -g -O2   conftest.c -lm >&5
conftest.c:9:0: warning: "PACKAGE" redefined
 #define PACKAGE camorama
 ^
conftest.c:7:0: note: this is the location of the previous definition
 #define PACKAGE "camorama"
 ^
conftest.c:10:0: warning: "VERSION" redefined
 #define VERSION 0.19
 ^
conftest.c:8:0: note: this is the location of the previous definition
 #define VERSION "0.19"
 ^
configure:6176: $? = 0
configure:6204: result: none required
configure:6260: checking for gcc
configure:6287: result: gcc
configure:6525: checking for C compiler version
configure:6532: gcc --version >&5
gcc (Ubuntu 5.4.0-6ubuntu1~16.04.4) 5.4.0 20160609
Copyright (C) 2015 Free Software Foundation, Inc.
This is free software; see the source for copying conditions.  There is NO
warranty; not even for MERCHANTABILITY or FITNESS FOR A PARTICULAR PURPOSE.

configure:6535: $? = 0
configure:6542: gcc -v >&5
Using built-in specs.
COLLECT_GCC=gcc
COLLECT_LTO_WRAPPER=/usr/lib/gcc/x86_64-linux-gnu/5/lto-wrapper
Target: x86_64-linux-gnu
Configured with: ../src/configure -v --with-pkgversion='Ubuntu 5.4.0-6ubuntu1~16.04.4' --with-bugurl=file:///usr/share/doc/gcc-5/README.Bugs --enable-languages=c,ada,c++,java,go,d,fortran,objc,obj-c++ --prefix=/usr --program-suffix=-5 --enable-shared --enable-linker-build-id --libexecdir=/usr/lib --without-included-gettext --enable-threads=posix --libdir=/usr/lib --enable-nls --with-sysroot=/ --enable-clocale=gnu --enable-libstdcxx-debug --enable-libstdcxx-time=yes --with-default-libstdcxx-abi=new --enable-gnu-unique-object --disable-vtable-verify --enable-libmpx --enable-plugin --with-system-zlib --disable-browser-plugin --enable-java-awt=gtk --enable-gtk-cairo --with-java-home=/usr/lib/jvm/java-1.5.0-gcj-5-amd64/jre --enable-java-home --with-jvm-root-dir=/usr/lib/jvm/java-1.5.0-gcj-5-amd64 --with-jvm-jar-dir=/usr/lib/jvm-exports/java-1.5.0-gcj-5-amd64 --with-arch-directory=amd64 --with-ecj-jar=/usr/share/java/eclipse-ecj.jar --enable-objc-gc --enable-multiarch --disable-werror --with-arch-32=i686 --with-abi=m64 --with-multilib-list=m32,m64,mx32 --enable-multilib --with-tune=generic --enable-checking=release --build=x86_64-linux-gnu --host=x86_64-linux-gnu --target=x86_64-linux-gnu
Thread model: posix
gcc version 5.4.0 20160609 (Ubuntu 5.4.0-6ubuntu1~16.04.4) 
configure:6545: $? = 0
configure:6552: gcc -V >&5
gcc: error: unrecognized command line option '-V'
gcc: fatal error: no input files
compilation terminated.
configure:6555: $? = 1
configure:6558: checking whether we are using the GNU C compiler
configure:6610: result: yes
configure:6615: checking whether gcc accepts -g
configure:6750: result: yes
configure:6767: checking for gcc option to accept ISO C89
configure:6870: result: none needed
configure:6890: checking dependency style of gcc
configure:6981: result: gcc3
configure:7044: checking for gcc
configure:7071: result: gcc
configure:7309: checking for C compiler version
configure:7316: gcc --version >&5
gcc (Ubuntu 5.4.0-6ubuntu1~16.04.4) 5.4.0 20160609
Copyright (C) 2015 Free Software Foundation, Inc.
This is free software; see the source for copying conditions.  There is NO
warranty; not even for MERCHANTABILITY or FITNESS FOR A PARTICULAR PURPOSE.

configure:7319: $? = 0
configure:7326: gcc -v >&5
Using built-in specs.
COLLECT_GCC=gcc
COLLECT_LTO_WRAPPER=/usr/lib/gcc/x86_64-linux-gnu/5/lto-wrapper
Target: x86_64-linux-gnu
Configured with: ../src/configure -v --with-pkgversion='Ubuntu 5.4.0-6ubuntu1~16.04.4' --with-bugurl=file:///usr/share/doc/gcc-5/README.Bugs --enable-languages=c,ada,c++,java,go,d,fortran,objc,obj-c++ --prefix=/usr --program-suffix=-5 --enable-shared --enable-linker-build-id --libexecdir=/usr/lib --without-included-gettext --enable-threads=posix --libdir=/usr/lib --enable-nls --with-sysroot=/ --enable-clocale=gnu --enable-libstdcxx-debug --enable-libstdcxx-time=yes --with-default-libstdcxx-abi=new --enable-gnu-unique-object --disable-vtable-verify --enable-libmpx --enable-plugin --with-system-zlib --disable-browser-plugin --enable-java-awt=gtk --enable-gtk-cairo --with-java-home=/usr/lib/jvm/java-1.5.0-gcj-5-amd64/jre --enable-java-home --with-jvm-root-dir=/usr/lib/jvm/java-1.5.0-gcj-5-amd64 --with-jvm-jar-dir=/usr/lib/jvm-exports/java-1.5.0-gcj-5-amd64 --with-arch-directory=amd64 --with-ecj-jar=/usr/share/java/eclipse-ecj.jar --enable-objc-gc --enable-multiarch --disable-werror --with-arch-32=i686 --with-abi=m64 --with-multilib-list=m32,m64,mx32 --enable-multilib --with-tune=generic --enable-checking=release --build=x86_64-linux-gnu --host=x86_64-linux-gnu --target=x86_64-linux-gnu
Thread model: posix
gcc version 5.4.0 20160609 (Ubuntu 5.4.0-6ubuntu1~16.04.4) 
configure:7329: $? = 0
configure:7336: gcc -V >&5
gcc: error: unrecognized command line option '-V'
gcc: fatal error: no input files
compilation terminated.
configure:7339: $? = 1
configure:7342: checking whether we are using the GNU C compiler
configure:7394: result: yes
configure:7399: checking whether gcc accepts -g
configure:7534: result: yes
configure:7551: checking for gcc option to accept ISO C89
configure:7654: result: none needed
configure:7674: checking dependency style of gcc
configure:7765: result: gcc3
configure:7783: checking for ANSI C header files
configure:7947: result: yes
configure:7979: checking fcntl.h usability
configure:7996: gcc -c -g -O2  conftest.c >&5
conftest.c:9:0: warning: "PACKAGE" redefined
 #define PACKAGE camorama
 ^
conftest.c:7:0: note: this is the location of the previous definition
 #define PACKAGE "camorama"
 ^
conftest.c:10:0: warning: "VERSION" redefined
 #define VERSION 0.19
 ^
conftest.c:8:0: note: this is the location of the previous definition
 #define VERSION "0.19"
 ^
configure:8002: $? = 0
configure:8016: result: yes
configure:8020: checking fcntl.h presence
configure:8035: gcc -E  conftest.c
conftest.c:9:0: warning: "PACKAGE" redefined
 #define PACKAGE camorama
 ^
conftest.c:7:0: note: this is the location of the previous definition
 #define PACKAGE "camorama"
 ^
conftest.c:10:0: warning: "VERSION" redefined
 #define VERSION 0.19
 ^
conftest.c:8:0: note: this is the location of the previous definition
 #define VERSION "0.19"
 ^
configure:8041: $? = 0
configure:8055: result: yes
configure:8088: checking for fcntl.h
configure:8096: result: yes
configure:7969: checking for stdlib.h
configure:7975: result: yes
configure:7969: checking for string.h
configure:7975: result: yes
configure:7979: checking sys/ioctl.h usability
configure:7996: gcc -c -g -O2  conftest.c >&5
conftest.c:9:0: warning: "PACKAGE" redefined
 #define PACKAGE camorama
 ^
conftest.c:7:0: note: this is the location of the previous definition
 #define PACKAGE "camorama"
 ^
conftest.c:10:0: warning: "VERSION" redefined
 #define VERSION 0.19
 ^
conftest.c:8:0: note: this is the location of the previous definition
 #define VERSION "0.19"
 ^
configure:8002: $? = 0
configure:8016: result: yes
configure:8020: checking sys/ioctl.h presence
configure:8035: gcc -E  conftest.c
conftest.c:9:0: warning: "PACKAGE" redefined
 #define PACKAGE camorama
 ^
conftest.c:7:0: note: this is the location of the previous definition
 #define PACKAGE "camorama"
 ^
conftest.c:10:0: warning: "VERSION" redefined
 #define VERSION 0.19
 ^
conftest.c:8:0: note: this is the location of the previous definition
 #define VERSION "0.19"
 ^
configure:8041: $? = 0
configure:8055: result: yes
configure:8088: checking for sys/ioctl.h
configure:8096: result: yes
configure:7969: checking for unistd.h
configure:7975: result: yes
configure:7979: checking linux/videodev.h usability
configure:7996: gcc -c -g -O2  conftest.c >&5
conftest.c:9:0: warning: "PACKAGE" redefined
 #define PACKAGE camorama
 ^
conftest.c:7:0: note: this is the location of the previous definition
 #define PACKAGE "camorama"
 ^
conftest.c:10:0: warning: "VERSION" redefined
 #define VERSION 0.19
 ^
conftest.c:8:0: note: this is the location of the previous definition
 #define VERSION "0.19"
 ^
conftest.c:70:28: fatal error: linux/videodev.h: No such file or directory
compilation terminated.
configure:8002: $? = 1
configure: failed program was:
| /* confdefs.h.  */
| #define PACKAGE_NAME "camorama"
| #define PACKAGE_TARNAME "camorama"
| #define PACKAGE_VERSION "0.19"
| #define PACKAGE_STRING "camorama 0.19"
| #define PACKAGE_BUGREPORT "http://bugzilla.gnome.org/enter_bug.cgi?product=camorama"
| #define PACKAGE "camorama"
| #define VERSION "0.19"
| #define PACKAGE camorama
| #define VERSION 0.19
| #define STDC_HEADERS 1
| #define HAVE_SYS_TYPES_H 1
| #define HAVE_SYS_STAT_H 1
| #define HAVE_STDLIB_H 1
| #define HAVE_STRING_H 1
| #define HAVE_MEMORY_H 1
| #define HAVE_STRINGS_H 1
| #define HAVE_INTTYPES_H 1
| #define HAVE_STDINT_H 1
| #define HAVE_UNISTD_H 1
| #define HAVE_LOCALE_H 1
| #define HAVE_LC_MESSAGES 1
| #define HAVE_BIND_TEXTDOMAIN_CODESET 1
| #define HAVE_GETTEXT 1
| #define HAVE_DCGETTEXT 1
| #define ENABLE_NLS 1
| #define GETTEXT_PACKAGE "$GETTEXT_PACKAGE"
| #define PACKAGE_DATA_DIR "/usr/local/share"
| #define PACKAGE_LOCALE_DIR "/usr/local/share/locale"
| #define STDC_HEADERS 1
| #define HAVE_FCNTL_H 1
| #define HAVE_STDLIB_H 1
| #define HAVE_STRING_H 1
| #define HAVE_SYS_IOCTL_H 1
| #define HAVE_UNISTD_H 1
| /* end confdefs.h.  */
| #include <stdio.h>
| #ifdef HAVE_SYS_TYPES_H
| # include <sys/types.h>
| #endif
| #ifdef HAVE_SYS_STAT_H
| # include <sys/stat.h>
| #endif
| #ifdef STDC_HEADERS
| # include <stdlib.h>
| # include <stddef.h>
| #else
| # ifdef HAVE_STDLIB_H
| #  include <stdlib.h>
| # endif
| #endif
| #ifdef HAVE_STRING_H
| # if !defined STDC_HEADERS && defined HAVE_MEMORY_H
| #  include <memory.h>
| # endif
| # include <string.h>
| #endif
| #ifdef HAVE_STRINGS_H
| # include <strings.h>
| #endif
| #ifdef HAVE_INTTYPES_H
| # include <inttypes.h>
| #endif
| #ifdef HAVE_STDINT_H
| # include <stdint.h>
| #endif
| #ifdef HAVE_UNISTD_H
| # include <unistd.h>
| #endif
| #include <linux/videodev.h>
configure:8016: result: no
configure:8020: checking linux/videodev.h presence
configure:8035: gcc -E  conftest.c
conftest.c:9:0: warning: "PACKAGE" redefined
 #define PACKAGE camorama
 ^
conftest.c:7:0: note: this is the location of the previous definition
 #define PACKAGE "camorama"
 ^
conftest.c:10:0: warning: "VERSION" redefined
 #define VERSION 0.19
 ^
conftest.c:8:0: note: this is the location of the previous definition
 #define VERSION "0.19"
 ^
conftest.c:37:28: fatal error: linux/videodev.h: No such file or directory
compilation terminated.
configure:8041: $? = 1
configure: failed program was:
| /* confdefs.h.  */
| #define PACKAGE_NAME "camorama"
| #define PACKAGE_TARNAME "camorama"
| #define PACKAGE_VERSION "0.19"
| #define PACKAGE_STRING "camorama 0.19"
| #define PACKAGE_BUGREPORT "http://bugzilla.gnome.org/enter_bug.cgi?product=camorama"
| #define PACKAGE "camorama"
| #define VERSION "0.19"
| #define PACKAGE camorama
| #define VERSION 0.19
| #define STDC_HEADERS 1
| #define HAVE_SYS_TYPES_H 1
| #define HAVE_SYS_STAT_H 1
| #define HAVE_STDLIB_H 1
| #define HAVE_STRING_H 1
| #define HAVE_MEMORY_H 1
| #define HAVE_STRINGS_H 1
| #define HAVE_INTTYPES_H 1
| #define HAVE_STDINT_H 1
| #define HAVE_UNISTD_H 1
| #define HAVE_LOCALE_H 1
| #define HAVE_LC_MESSAGES 1
| #define HAVE_BIND_TEXTDOMAIN_CODESET 1
| #define HAVE_GETTEXT 1
| #define HAVE_DCGETTEXT 1
| #define ENABLE_NLS 1
| #define GETTEXT_PACKAGE "$GETTEXT_PACKAGE"
| #define PACKAGE_DATA_DIR "/usr/local/share"
| #define PACKAGE_LOCALE_DIR "/usr/local/share/locale"
| #define STDC_HEADERS 1
| #define HAVE_FCNTL_H 1
| #define HAVE_STDLIB_H 1
| #define HAVE_STRING_H 1
| #define HAVE_SYS_IOCTL_H 1
| #define HAVE_UNISTD_H 1
| /* end confdefs.h.  */
| #include <linux/videodev.h>
configure:8055: result: no
configure:8088: checking for linux/videodev.h
configure:8096: result: no
configure:7979: checking png.h usability
configure:7996: gcc -c -g -O2  conftest.c >&5
conftest.c:9:0: warning: "PACKAGE" redefined
 #define PACKAGE camorama
 ^
conftest.c:7:0: note: this is the location of the previous definition
 #define PACKAGE "camorama"
 ^
conftest.c:10:0: warning: "VERSION" redefined
 #define VERSION 0.19
 ^
conftest.c:8:0: note: this is the location of the previous definition
 #define VERSION "0.19"
 ^
configure:8002: $? = 0
configure:8016: result: yes
configure:8020: checking png.h presence
configure:8035: gcc -E  conftest.c
conftest.c:9:0: warning: "PACKAGE" redefined
 #define PACKAGE camorama
 ^
conftest.c:7:0: note: this is the location of the previous definition
 #define PACKAGE "camorama"
 ^
conftest.c:10:0: warning: "VERSION" redefined
 #define VERSION 0.19
 ^
conftest.c:8:0: note: this is the location of the previous definition
 #define VERSION "0.19"
 ^
configure:8041: $? = 0
configure:8055: result: yes
configure:8088: checking for png.h
configure:8096: result: yes
configure:7979: checking glade/glade.h usability
configure:7996: gcc -c -g -O2  conftest.c >&5
conftest.c:9:0: warning: "PACKAGE" redefined
 #define PACKAGE camorama
 ^
conftest.c:7:0: note: this is the location of the previous definition
 #define PACKAGE "camorama"
 ^
conftest.c:10:0: warning: "VERSION" redefined
 #define VERSION 0.19
 ^
conftest.c:8:0: note: this is the location of the previous definition
 #define VERSION "0.19"
 ^
conftest.c:71:25: fatal error: glade/glade.h: No such file or directory
compilation terminated.
configure:8002: $? = 1
configure: failed program was:
| /* confdefs.h.  */
| #define PACKAGE_NAME "camorama"
| #define PACKAGE_TARNAME "camorama"
| #define PACKAGE_VERSION "0.19"
| #define PACKAGE_STRING "camorama 0.19"
| #define PACKAGE_BUGREPORT "http://bugzilla.gnome.org/enter_bug.cgi?product=camorama"
| #define PACKAGE "camorama"
| #define VERSION "0.19"
| #define PACKAGE camorama
| #define VERSION 0.19
| #define STDC_HEADERS 1
| #define HAVE_SYS_TYPES_H 1
| #define HAVE_SYS_STAT_H 1
| #define HAVE_STDLIB_H 1
| #define HAVE_STRING_H 1
| #define HAVE_MEMORY_H 1
| #define HAVE_STRINGS_H 1
| #define HAVE_INTTYPES_H 1
| #define HAVE_STDINT_H 1
| #define HAVE_UNISTD_H 1
| #define HAVE_LOCALE_H 1
| #define HAVE_LC_MESSAGES 1
| #define HAVE_BIND_TEXTDOMAIN_CODESET 1
| #define HAVE_GETTEXT 1
| #define HAVE_DCGETTEXT 1
| #define ENABLE_NLS 1
| #define GETTEXT_PACKAGE "$GETTEXT_PACKAGE"
| #define PACKAGE_DATA_DIR "/usr/local/share"
| #define PACKAGE_LOCALE_DIR "/usr/local/share/locale"
| #define STDC_HEADERS 1
| #define HAVE_FCNTL_H 1
| #define HAVE_STDLIB_H 1
| #define HAVE_STRING_H 1
| #define HAVE_SYS_IOCTL_H 1
| #define HAVE_UNISTD_H 1
| #define HAVE_PNG_H 1
| /* end confdefs.h.  */
| #include <stdio.h>
| #ifdef HAVE_SYS_TYPES_H
| # include <sys/types.h>
| #endif
| #ifdef HAVE_SYS_STAT_H
| # include <sys/stat.h>
| #endif
| #ifdef STDC_HEADERS
| # include <stdlib.h>
| # include <stddef.h>
| #else
| # ifdef HAVE_STDLIB_H
| #  include <stdlib.h>
| # endif
| #endif
| #ifdef HAVE_STRING_H
| # if !defined STDC_HEADERS && defined HAVE_MEMORY_H
| #  include <memory.h>
| # endif
| # include <string.h>
| #endif
| #ifdef HAVE_STRINGS_H
| # include <strings.h>
| #endif
| #ifdef HAVE_INTTYPES_H
| # include <inttypes.h>
| #endif
| #ifdef HAVE_STDINT_H
| # include <stdint.h>
| #endif
| #ifdef HAVE_UNISTD_H
| # include <unistd.h>
| #endif
| #include <glade/glade.h>
configure:8016: result: no
configure:8020: checking glade/glade.h presence
configure:8035: gcc -E  conftest.c
conftest.c:9:0: warning: "PACKAGE" redefined
 #define PACKAGE camorama
 ^
conftest.c:7:0: note: this is the location of the previous definition
 #define PACKAGE "camorama"
 ^
conftest.c:10:0: warning: "VERSION" redefined
 #define VERSION 0.19
 ^
conftest.c:8:0: note: this is the location of the previous definition
 #define VERSION "0.19"
 ^
conftest.c:38:25: fatal error: glade/glade.h: No such file or directory
compilation terminated.
configure:8041: $? = 1
configure: failed program was:
| /* confdefs.h.  */
| #define PACKAGE_NAME "camorama"
| #define PACKAGE_TARNAME "camorama"
| #define PACKAGE_VERSION "0.19"
| #define PACKAGE_STRING "camorama 0.19"
| #define PACKAGE_BUGREPORT "http://bugzilla.gnome.org/enter_bug.cgi?product=camorama"
| #define PACKAGE "camorama"
| #define VERSION "0.19"
| #define PACKAGE camorama
| #define VERSION 0.19
| #define STDC_HEADERS 1
| #define HAVE_SYS_TYPES_H 1
| #define HAVE_SYS_STAT_H 1
| #define HAVE_STDLIB_H 1
| #define HAVE_STRING_H 1
| #define HAVE_MEMORY_H 1
| #define HAVE_STRINGS_H 1
| #define HAVE_INTTYPES_H 1
| #define HAVE_STDINT_H 1
| #define HAVE_UNISTD_H 1
| #define HAVE_LOCALE_H 1
| #define HAVE_LC_MESSAGES 1
| #define HAVE_BIND_TEXTDOMAIN_CODESET 1
| #define HAVE_GETTEXT 1
| #define HAVE_DCGETTEXT 1
| #define ENABLE_NLS 1
| #define GETTEXT_PACKAGE "$GETTEXT_PACKAGE"
| #define PACKAGE_DATA_DIR "/usr/local/share"
| #define PACKAGE_LOCALE_DIR "/usr/local/share/locale"
| #define STDC_HEADERS 1
| #define HAVE_FCNTL_H 1
| #define HAVE_STDLIB_H 1
| #define HAVE_STRING_H 1
| #define HAVE_SYS_IOCTL_H 1
| #define HAVE_UNISTD_H 1
| #define HAVE_PNG_H 1
| /* end confdefs.h.  */
| #include <glade/glade.h>
configure:8055: result: no
configure:8088: checking for glade/glade.h
configure:8096: result: no
configure:8208: checking what warning flags to pass to the C compiler
configure:8210: result: -Wall -Wmissing-prototypes
configure:8221: checking what language compliance flags to pass to the C compiler
configure:8236: result: 
configure:8293: checking for pkg-config
configure:8311: found /usr/bin/pkg-config
configure:8323: result: /usr/bin/pkg-config
configure:8352: checking pkg-config is at least version 0.9.0
configure:8355: result: yes
configure:8366: checking for PACKAGE
configure:8374: $PKG_CONFIG --exists --print-errors "$pkg_modules"
configure:8377: $? = 0
configure:8392: $PKG_CONFIG --exists --print-errors "$pkg_modules"
configure:8395: $? = 0
configure:8471: result: yes
configure:8485: checking for gconftool-2
configure:8503: found /usr/bin/gconftool-2
configure:8515: result: /usr/bin/gconftool-2
configure:8538: result: Using config source xml:merged:/etc/gconf/gconf.xml.defaults for schema installation
configure:8553: result: Using $(sysconfdir)/gconf/schemas as install directory for schema files
configure:8718: creating ./config.status

## ---------------------- ##
## Running config.status. ##
## ---------------------- ##

This file was extended by camorama config.status 0.19, which was
generated by GNU Autoconf 2.61.  Invocation command line was

  CONFIG_FILES    = 
  CONFIG_HEADERS  = 
  CONFIG_LINKS    = 
  CONFIG_COMMANDS = 
  $ ./config.status 

on BigZoo

config.status:712: creating Makefile
config.status:712: creating src/Makefile
config.status:712: creating data/Makefile
config.status:712: creating pixmaps/Makefile
config.status:712: creating po/Makefile.in
config.status:712: creating config.h
config.status:1003: executing depfiles commands
config.status:1003: executing intltool commands
config.status:1003: executing default-1 commands
config.status:1003: executing po/stamp-it commands

## ---------------- ##
## Cache variables. ##
## ---------------- ##

ac_cv_build=x86_64-unknown-linux-gnu
ac_cv_c_compiler_gnu=yes
ac_cv_env_CC_set=
ac_cv_env_CC_value=
ac_cv_env_CFLAGS_set=
ac_cv_env_CFLAGS_value=
ac_cv_env_CPPFLAGS_set=
ac_cv_env_CPPFLAGS_value=
ac_cv_env_CPP_set=
ac_cv_env_CPP_value=
ac_cv_env_LDFLAGS_set=
ac_cv_env_LDFLAGS_value=
ac_cv_env_LIBS_set=set
ac_cv_env_LIBS_value=-lm
ac_cv_env_PACKAGE_CFLAGS_set=
ac_cv_env_PACKAGE_CFLAGS_value=
ac_cv_env_PACKAGE_LIBS_set=
ac_cv_env_PACKAGE_LIBS_value=
ac_cv_env_PKG_CONFIG_set=
ac_cv_env_PKG_CONFIG_value=
ac_cv_env_build_alias_set=
ac_cv_env_build_alias_value=
ac_cv_env_host_alias_set=
ac_cv_env_host_alias_value=
ac_cv_env_target_alias_set=
ac_cv_env_target_alias_value=
ac_cv_func_bind_textdomain_codeset=yes
ac_cv_func_dcgettext=yes
ac_cv_header_fcntl_h=yes
ac_cv_header_glade_glade_h=no
ac_cv_header_inttypes_h=yes
ac_cv_header_libintl_h=yes
ac_cv_header_linux_videodev_h=no
ac_cv_header_locale_h=yes
ac_cv_header_memory_h=yes
ac_cv_header_png_h=yes
ac_cv_header_stdc=yes
ac_cv_header_stdint_h=yes
ac_cv_header_stdlib_h=yes
ac_cv_header_string_h=yes
ac_cv_header_strings_h=yes
ac_cv_header_sys_ioctl_h=yes
ac_cv_header_sys_stat_h=yes
ac_cv_header_sys_types_h=yes
ac_cv_header_unistd_h=yes
ac_cv_host=x86_64-unknown-linux-gnu
ac_cv_objext=o
ac_cv_path_EGREP='/bin/grep -E'
ac_cv_path_GCONFTOOL=/usr/bin/gconftool-2
ac_cv_path_GMSGFMT=/usr/bin/msgfmt
ac_cv_path_GREP=/bin/grep
ac_cv_path_INTLTOOL_ICONV=/usr/bin/iconv
ac_cv_path_INTLTOOL_MSGFMT=/usr/bin/msgfmt
ac_cv_path_INTLTOOL_MSGMERGE=/usr/bin/msgmerge
ac_cv_path_INTLTOOL_PERL=/usr/bin/perl
ac_cv_path_INTLTOOL_XGETTEXT=/usr/bin/xgettext
ac_cv_path_MSGFMT=/usr/bin/msgfmt
ac_cv_path_XGETTEXT=/usr/bin/xgettext
ac_cv_path_ac_pt_PKG_CONFIG=/usr/bin/pkg-config
ac_cv_path_install='/usr/bin/install -c'
ac_cv_path_mkdir=/bin/mkdir
ac_cv_prog_AWK=gawk
ac_cv_prog_CPP='gcc -E'
ac_cv_prog_ac_ct_CC=gcc
ac_cv_prog_cc_c89=
ac_cv_prog_cc_g=yes
ac_cv_prog_make_make_set=yes
ac_cv_search_strerror='none required'
am_cv_CC_dependencies_compiler_type=gcc3
am_cv_prog_cc_stdc=
am_cv_val_LC_MESSAGES=yes
gt_cv_func_dgettext_libc=yes
gt_cv_func_dgettext_libintl=no
gt_cv_func_ngettext_libc=yes
gt_cv_have_gettext=yes
pkg_cv_PACKAGE_CFLAGS='-D_REENTRANT -DORBIT2=1 -pthread -I/usr/include/libgnomeui-2.0 -I/usr/include/gnome-keyring-1 -I/usr/include/libbonoboui-2.0 -I/usr/include/libgnome-2.0 -I/usr/include/libbonobo-2.0 -I/usr/include/bonobo-activation-2.0 -I/usr/include/orbit-2.0 -I/usr/include/libgnomecanvas-2.0 -I/usr/include/gail-1.0 -I/usr/include/libart-2.0 -I/usr/include/gnome-vfs-2.0 -I/usr/lib/x86_64-linux-gnu/gnome-vfs-2.0/include -I/usr/include/gconf/2 -I/usr/include/dbus-1.0 -I/usr/lib/x86_64-linux-gnu/dbus-1.0/include -I/usr/include/libglade-2.0 -I/usr/include/gtk-2.0 -I/usr/lib/x86_64-linux-gnu/gtk-2.0/include -I/usr/include/gio-unix-2.0/ -I/usr/include/cairo -I/usr/include/pango-1.0 -I/usr/include/atk-1.0 -I/usr/include/cairo -I/usr/include/pixman-1 -I/usr/include/libpng12 -I/usr/include/gdk-pixbuf-2.0 -I/usr/include/libpng12 -I/usr/include/pango-1.0 -I/usr/include/harfbuzz -I/usr/include/pango-1.0 -I/usr/include/glib-2.0 -I/usr/lib/x86_64-linux-gnu/glib-2.0/include -I/usr/include/freetype2 -I/usr/include/libxml2'
pkg_cv_PACKAGE_LIBS='-lgdk_pixbuf_xlib-2.0 -lgnomeui-2 -lSM -lICE -lbonoboui-2 -lgnome-2 -lpopt -lbonobo-2 -lbonobo-activation -lORBit-2 -lgnomecanvas-2 -lart_lgpl_2 -lgnomevfs-2 -lgthread-2.0 -pthread -lgmodule-2.0 -pthread -lgconf-2 -lglade-2.0 -lgtk-x11-2.0 -lgdk-x11-2.0 -lpangocairo-1.0 -latk-1.0 -lcairo -lgdk_pixbuf-2.0 -lgio-2.0 -lpangoft2-1.0 -lpango-1.0 -lgobject-2.0 -lglib-2.0 -lfontconfig -lfreetype -lxml2'

## ----------------- ##
## Output variables. ##
## ----------------- ##

ACLOCAL='${SHELL} /home/ensab/Git/camorama/missing --run aclocal-1.10'
ALL_LINGUAS='am ar az be bg bs ca cs da de dz en_CA en_GB es eu fa fi fr ga gl gu hi hr it ja lv mk ml ms nb ne nl pa pl pt pt_BR rw sl sq sr sr@Latn sv ta tr uk vi zh_CN zh_TW'
AMDEPBACKSLASH='\'
AMDEP_FALSE='#'
AMDEP_TRUE=''
AMTAR='${SHELL} /home/ensab/Git/camorama/missing --run tar'
AUTOCONF='${SHELL} /home/ensab/Git/camorama/missing --run autoconf'
AUTOHEADER='${SHELL} /home/ensab/Git/camorama/missing --run autoheader'
AUTOMAKE='${SHELL} /home/ensab/Git/camorama/missing --run automake-1.10'
AWK='gawk'
CATALOGS=' am.gmo ar.gmo az.gmo be.gmo bg.gmo bs.gmo ca.gmo cs.gmo da.gmo de.gmo dz.gmo en_CA.gmo en_GB.gmo es.gmo eu.gmo fa.gmo fi.gmo fr.gmo ga.gmo gl.gmo gu.gmo hi.gmo hr.gmo it.gmo ja.gmo lv.gmo mk.gmo ml.gmo ms.gmo nb.gmo ne.gmo nl.gmo pa.gmo pl.gmo pt.gmo pt_BR.gmo rw.gmo sl.gmo sq.gmo sr.gmo sr@Latn.gmo sv.gmo ta.gmo tr.gmo uk.gmo vi.gmo zh_CN.gmo zh_TW.gmo'
CATOBJEXT='.gmo'
CC='gcc'
CCDEPMODE='depmode=gcc3'
CFLAGS='-g -O2'
CPP='gcc -E'
CPPFLAGS=''
CYGPATH_W='echo'
DATADIRNAME='share'
DEFS='-DHAVE_CONFIG_H'
DEPDIR='.deps'
ECHO_C=''
ECHO_N='-n'
ECHO_T=''
EGREP='/bin/grep -E'
EXEEXT=''
GCONFTOOL='/usr/bin/gconftool-2'
GCONF_SCHEMAS_INSTALL_FALSE='#'
GCONF_SCHEMAS_INSTALL_TRUE=''
GCONF_SCHEMA_CONFIG_SOURCE='xml:merged:/etc/gconf/gconf.xml.defaults'
GCONF_SCHEMA_FILE_DIR='$(sysconfdir)/gconf/schemas'
GETTEXT_PACKAGE='camorama'
GMOFILES=' am.gmo ar.gmo az.gmo be.gmo bg.gmo bs.gmo ca.gmo cs.gmo da.gmo de.gmo dz.gmo en_CA.gmo en_GB.gmo es.gmo eu.gmo fa.gmo fi.gmo fr.gmo ga.gmo gl.gmo gu.gmo hi.gmo hr.gmo it.gmo ja.gmo lv.gmo mk.gmo ml.gmo ms.gmo nb.gmo ne.gmo nl.gmo pa.gmo pl.gmo pt.gmo pt_BR.gmo rw.gmo sl.gmo sq.gmo sr.gmo sr@Latn.gmo sv.gmo ta.gmo tr.gmo uk.gmo vi.gmo zh_CN.gmo zh_TW.gmo'
GMSGFMT='/usr/bin/msgfmt'
GREP='/bin/grep'
INSTALL_DATA='${INSTALL} -m 644'
INSTALL_PROGRAM='${INSTALL}'
INSTALL_SCRIPT='${INSTALL}'
INSTALL_STRIP_PROGRAM='$(install_sh) -c -s'
INSTOBJEXT='.mo'
INTLLIBS=''
INTLTOOL_CAVES_RULE='%.caves:     %.caves.in     $(INTLTOOL_MERGE) $(wildcard $(top_srcdir)/po/*.po) ; LC_ALL=C $(INTLTOOL_MERGE) -d -u -c $(top_builddir)/po/.intltool-merge-cache $(top_srcdir)/po $< $@'
INTLTOOL_DESKTOP_RULE='%.desktop:   %.desktop.in   $(INTLTOOL_MERGE) $(wildcard $(top_srcdir)/po/*.po) ; LC_ALL=C $(INTLTOOL_MERGE) -d -u -c $(top_builddir)/po/.intltool-merge-cache $(top_srcdir)/po $< $@'
INTLTOOL_DIRECTORY_RULE='%.directory: %.directory.in $(INTLTOOL_MERGE) $(wildcard $(top_srcdir)/po/*.po) ; LC_ALL=C $(INTLTOOL_MERGE) -d -u -c $(top_builddir)/po/.intltool-merge-cache $(top_srcdir)/po $< $@'
INTLTOOL_EXTRACT='$(top_builddir)/intltool-extract'
INTLTOOL_ICONV='/usr/bin/iconv'
INTLTOOL_KBD_RULE='%.kbd:       %.kbd.in       $(INTLTOOL_MERGE) $(wildcard $(top_srcdir)/po/*.po) ; LC_ALL=C $(INTLTOOL_MERGE) -x -u -m -c $(top_builddir)/po/.intltool-merge-cache $(top_srcdir)/po $< $@'
INTLTOOL_KEYS_RULE='%.keys:      %.keys.in      $(INTLTOOL_MERGE) $(wildcard $(top_srcdir)/po/*.po) ; LC_ALL=C $(INTLTOOL_MERGE) -k -u -c $(top_builddir)/po/.intltool-merge-cache $(top_srcdir)/po $< $@'
INTLTOOL_MERGE='$(top_builddir)/intltool-merge'
INTLTOOL_MSGFMT='/usr/bin/msgfmt'
INTLTOOL_MSGMERGE='/usr/bin/msgmerge'
INTLTOOL_OAF_RULE='%.oaf:       %.oaf.in       $(INTLTOOL_MERGE) $(wildcard $(top_srcdir)/po/*.po) ; LC_ALL=C $(INTLTOOL_MERGE) -o -p $(top_srcdir)/po $< $@'
INTLTOOL_PERL='/usr/bin/perl'
INTLTOOL_PONG_RULE='%.pong:      %.pong.in      $(INTLTOOL_MERGE) $(wildcard $(top_srcdir)/po/*.po) ; LC_ALL=C $(INTLTOOL_MERGE) -x -u -c $(top_builddir)/po/.intltool-merge-cache $(top_srcdir)/po $< $@'
INTLTOOL_PROP_RULE='%.prop:      %.prop.in      $(INTLTOOL_MERGE) $(wildcard $(top_srcdir)/po/*.po) ; LC_ALL=C $(INTLTOOL_MERGE) -d -u -c $(top_builddir)/po/.intltool-merge-cache $(top_srcdir)/po $< $@'
INTLTOOL_SCHEMAS_RULE='%.schemas:   %.schemas.in   $(INTLTOOL_MERGE) $(wildcard $(top_srcdir)/po/*.po) ; LC_ALL=C $(INTLTOOL_MERGE) -s -u -c $(top_builddir)/po/.intltool-merge-cache $(top_srcdir)/po $< $@'
INTLTOOL_SERVER_RULE='%.server:    %.server.in    $(INTLTOOL_MERGE) $(wildcard $(top_srcdir)/po/*.po) ; LC_ALL=C $(INTLTOOL_MERGE) -o -u -c $(top_builddir)/po/.intltool-merge-cache $(top_srcdir)/po $< $@'
INTLTOOL_SERVICE_RULE='%.service: %.service.in   $(INTLTOOL_MERGE) $(wildcard $(top_srcdir)/po/*.po) ; LC_ALL=C $(INTLTOOL_MERGE) -d -u -c $(top_builddir)/po/.intltool-merge-cache $(top_srcdir)/po $< $@'
INTLTOOL_SHEET_RULE='%.sheet:     %.sheet.in     $(INTLTOOL_MERGE) $(wildcard $(top_srcdir)/po/*.po) ; LC_ALL=C $(INTLTOOL_MERGE) -x -u -c $(top_builddir)/po/.intltool-merge-cache $(top_srcdir)/po $< $@'
INTLTOOL_SOUNDLIST_RULE='%.soundlist: %.soundlist.in $(INTLTOOL_MERGE) $(wildcard $(top_srcdir)/po/*.po) ; LC_ALL=C $(INTLTOOL_MERGE) -d -u -c $(top_builddir)/po/.intltool-merge-cache $(top_srcdir)/po $< $@'
INTLTOOL_THEME_RULE='%.theme:     %.theme.in     $(INTLTOOL_MERGE) $(wildcard $(top_srcdir)/po/*.po) ; LC_ALL=C $(INTLTOOL_MERGE) -d -u -c $(top_builddir)/po/.intltool-merge-cache $(top_srcdir)/po $< $@'
INTLTOOL_UI_RULE='%.ui:        %.ui.in        $(INTLTOOL_MERGE) $(wildcard $(top_srcdir)/po/*.po) ; LC_ALL=C $(INTLTOOL_MERGE) -x -u -c $(top_builddir)/po/.intltool-merge-cache $(top_srcdir)/po $< $@'
INTLTOOL_UPDATE='$(top_builddir)/intltool-update'
INTLTOOL_XAM_RULE='%.xam:       %.xml.in       $(INTLTOOL_MERGE) $(wildcard $(top_srcdir)/po/*.po) ; LC_ALL=C $(INTLTOOL_MERGE) -x -u -c $(top_builddir)/po/.intltool-merge-cache $(top_srcdir)/po $< $@'
INTLTOOL_XGETTEXT='/usr/bin/xgettext'
INTLTOOL_XML_NOMERGE_RULE='%.xml:       %.xml.in       $(INTLTOOL_MERGE) ; LC_ALL=C $(INTLTOOL_MERGE) -x -u /tmp $< $@'
INTLTOOL_XML_RULE='%.xml:       %.xml.in       $(INTLTOOL_MERGE) $(wildcard $(top_srcdir)/po/*.po) ; LC_ALL=C $(INTLTOOL_MERGE) -x -u -c $(top_builddir)/po/.intltool-merge-cache $(top_srcdir)/po $< $@'
LDFLAGS=''
LIBOBJS=''
LIBS='-lm'
LTLIBOBJS=''
MAKEINFO='${SHELL} /home/ensab/Git/camorama/missing --run makeinfo'
MKINSTALLDIRS='./mkinstalldirs'
MSGFMT='/usr/bin/msgfmt'
MSGFMT_OPTS='-c'
OBJEXT='o'
PACKAGE='camorama'
PACKAGE_BUGREPORT='http://bugzilla.gnome.org/enter_bug.cgi?product=camorama'
PACKAGE_CFLAGS='-D_REENTRANT -DORBIT2=1 -pthread -I/usr/include/libgnomeui-2.0 -I/usr/include/gnome-keyring-1 -I/usr/include/libbonoboui-2.0 -I/usr/include/libgnome-2.0 -I/usr/include/libbonobo-2.0 -I/usr/include/bonobo-activation-2.0 -I/usr/include/orbit-2.0 -I/usr/include/libgnomecanvas-2.0 -I/usr/include/gail-1.0 -I/usr/include/libart-2.0 -I/usr/include/gnome-vfs-2.0 -I/usr/lib/x86_64-linux-gnu/gnome-vfs-2.0/include -I/usr/include/gconf/2 -I/usr/include/dbus-1.0 -I/usr/lib/x86_64-linux-gnu/dbus-1.0/include -I/usr/include/libglade-2.0 -I/usr/include/gtk-2.0 -I/usr/lib/x86_64-linux-gnu/gtk-2.0/include -I/usr/include/gio-unix-2.0/ -I/usr/include/cairo -I/usr/include/pango-1.0 -I/usr/include/atk-1.0 -I/usr/include/cairo -I/usr/include/pixman-1 -I/usr/include/libpng12 -I/usr/include/gdk-pixbuf-2.0 -I/usr/include/libpng12 -I/usr/include/pango-1.0 -I/usr/include/harfbuzz -I/usr/include/pango-1.0 -I/usr/include/glib-2.0 -I/usr/lib/x86_64-linux-gnu/glib-2.0/include -I/usr/include/freetype2 -I/usr/include/libxml2'
PACKAGE_LIBS='-lgdk_pixbuf_xlib-2.0 -lgnomeui-2 -lSM -lICE -lbonoboui-2 -lgnome-2 -lpopt -lbonobo-2 -lbonobo-activation -lORBit-2 -lgnomecanvas-2 -lart_lgpl_2 -lgnomevfs-2 -lgthread-2.0 -pthread -lgmodule-2.0 -pthread -lgconf-2 -lglade-2.0 -lgtk-x11-2.0 -lgdk-x11-2.0 -lpangocairo-1.0 -latk-1.0 -lcairo -lgdk_pixbuf-2.0 -lgio-2.0 -lpangoft2-1.0 -lpango-1.0 -lgobject-2.0 -lglib-2.0 -lfontconfig -lfreetype -lxml2'
PACKAGE_NAME='camorama'
PACKAGE_STRING='camorama 0.19'
PACKAGE_TARNAME='camorama'
PACKAGE_VERSION='0.19'
PATH_SEPARATOR=':'
PKG_CONFIG='/usr/bin/pkg-config'
POFILES=' am.po ar.po az.po be.po bg.po bs.po ca.po cs.po da.po de.po dz.po en_CA.po en_GB.po es.po eu.po fa.po fi.po fr.po ga.po gl.po gu.po hi.po hr.po it.po ja.po lv.po mk.po ml.po ms.po nb.po ne.po nl.po pa.po pl.po pt.po pt_BR.po rw.po sl.po sq.po sr.po sr@Latn.po sv.po ta.po tr.po uk.po vi.po zh_CN.po zh_TW.po'
POSUB='po'
PO_IN_DATADIR_FALSE=''
PO_IN_DATADIR_TRUE=''
SET_MAKE=''
SHELL='/bin/bash'
STRIP=''
USE_NLS='yes'
VERSION='0.19'
WARN_CFLAGS='-Wall -Wmissing-prototypes '
XGETTEXT='/usr/bin/xgettext'
ac_ct_CC='gcc'
am__fastdepCC_FALSE='#'
am__fastdepCC_TRUE=''
am__include='include'
am__isrc=''
am__leading_dot='.'
am__quote=''
am__tar='${AMTAR} chof - "$$tardir"'
am__untar='${AMTAR} xf -'
bindir='${exec_prefix}/bin'
build='x86_64-unknown-linux-gnu'
build_alias=''
build_cpu='x86_64'
build_os='linux-gnu'
build_vendor='unknown'
datadir='${datarootdir}'
datarootdir='${prefix}/share'
docdir='${datarootdir}/doc/${PACKAGE_TARNAME}'
dvidir='${docdir}'
exec_prefix='${prefix}'
host='x86_64-unknown-linux-gnu'
host_alias=''
host_cpu='x86_64'
host_os='linux-gnu'
host_vendor='unknown'
htmldir='${docdir}'
includedir='${prefix}/include'
infodir='${datarootdir}/info'
install_sh='$(SHELL) /home/ensab/Git/camorama/install-sh'
libdir='${exec_prefix}/lib'
libexecdir='${exec_prefix}/libexec'
localedir='${datarootdir}/locale'
localstatedir='${prefix}/var'
mandir='${datarootdir}/man'
mkdir_p='/bin/mkdir -p'
oldincludedir='/usr/include'
pdfdir='${docdir}'
prefix='/usr/local'
program_transform_name='s,x,x,'
psdir='${docdir}'
sbindir='${exec_prefix}/sbin'
sharedstatedir='${prefix}/com'
sysconfdir='${prefix}/etc'
target_alias=''

## ----------- ##
## confdefs.h. ##
## ----------- ##

#define PACKAGE_NAME "camorama"
#define PACKAGE_TARNAME "camorama"
#define PACKAGE_VERSION "0.19"
#define PACKAGE_STRING "camorama 0.19"
#define PACKAGE_BUGREPORT "http://bugzilla.gnome.org/enter_bug.cgi?product=camorama"
#define PACKAGE "camorama"
#define VERSION "0.19"
#define PACKAGE camorama
#define VERSION 0.19
#define STDC_HEADERS 1
#define HAVE_SYS_TYPES_H 1
#define HAVE_SYS_STAT_H 1
#define HAVE_STDLIB_H 1
#define HAVE_STRING_H 1
#define HAVE_MEMORY_H 1
#define HAVE_STRINGS_H 1
#define HAVE_INTTYPES_H 1
#define HAVE_STDINT_H 1
#define HAVE_UNISTD_H 1
#define HAVE_LOCALE_H 1
#define HAVE_LC_MESSAGES 1
#define HAVE_BIND_TEXTDOMAIN_CODESET 1
#define HAVE_GETTEXT 1
#define HAVE_DCGETTEXT 1
#define ENABLE_NLS 1
#define GETTEXT_PACKAGE "$GETTEXT_PACKAGE"
#define PACKAGE_DATA_DIR "/usr/local/share"
#define PACKAGE_LOCALE_DIR "/usr/local/share/locale"
#define STDC_HEADERS 1
#define HAVE_FCNTL_H 1
#define HAVE_STDLIB_H 1
#define HAVE_STRING_H 1
#define HAVE_SYS_IOCTL_H 1
#define HAVE_UNISTD_H 1
#define HAVE_PNG_H 1
#define HAVE_GCONF 1

configure: exit 0
